<?xml version="1.0" encoding="UTF-8"?>
<!-- Generated by org.testng.reporters.JUnitReportReporter -->
<testsuite hostname="Sandeep" failures="0" tests="1" name="TestNGPackage.Timeout_Class" time="2.031" errors="1" timestamp="2023-09-22T20:16:10 IST" skipped="0">
  <testcase classname="TestNGPackage.Timeout_Class" name="testcase1" time="2.031">
    <error message="Method TestNGPackage.Timeout_Class.testcase1() didn&#039;t finish within the time-out 2000" type="org.testng.internal.thread.ThreadTimeoutException">
      <![CDATA[org.testng.internal.thread.ThreadTimeoutException: Method TestNGPackage.Timeout_Class.testcase1() didn't finish within the time-out 2000
at java.base@17.0.7/java.lang.Thread.sleep(Native Method)
at app//org.apache.commons.exec.DefaultExecuteResultHandler.waitFor(DefaultExecuteResultHandler.java:121)
at app//org.openqa.selenium.os.OsProcess.waitFor(OsProcess.java:165)
at app//org.openqa.selenium.os.CommandLine.waitFor(CommandLine.java:108)
at app//org.openqa.selenium.manager.SeleniumManager.runCommand(SeleniumManager.java:115)
at app//org.openqa.selenium.manager.SeleniumManager.getDriverPath(SeleniumManager.java:299)
at app//org.openqa.selenium.remote.service.DriverFinder.getPath(DriverFinder.java:22)
at app//org.openqa.selenium.remote.service.DriverFinder.getPath(DriverFinder.java:13)
at app//org.openqa.selenium.chrome.ChromeDriver.generateExecutor(ChromeDriver.java:99)
at app//org.openqa.selenium.chrome.ChromeDriver.<init>(ChromeDriver.java:88)
at app//org.openqa.selenium.chrome.ChromeDriver.<init>(ChromeDriver.java:83)
at app//org.openqa.selenium.chrome.ChromeDriver.<init>(ChromeDriver.java:51)
at app//TestNGPackage.Timeout_Class.testcase1(Timeout_Class.java:17)
at java.base@17.0.7/jdk.internal.reflect.NativeMethodAccessorImpl.invoke0(Native Method)
at java.base@17.0.7/jdk.internal.reflect.NativeMethodAccessorImpl.invoke(NativeMethodAccessorImpl.java:77)
at java.base@17.0.7/jdk.internal.reflect.DelegatingMethodAccessorImpl.invoke(DelegatingMethodAccessorImpl.java:43)
at java.base@17.0.7/java.lang.reflect.Method.invoke(Method.java:568)
at app//org.testng.internal.invokers.MethodInvocationHelper.invokeMethod(MethodInvocationHelper.java:139)
at app//org.testng.internal.invokers.InvokeMethodRunnable.runOne(InvokeMethodRunnable.java:47)
at app//org.testng.internal.invokers.InvokeMethodRunnable.call(InvokeMethodRunnable.java:76)
at app//org.testng.internal.invokers.InvokeMethodRunnable.call(InvokeMethodRunnable.java:11)
at java.base@17.0.7/java.util.concurrent.FutureTask.run(FutureTask.java:264)
at java.base@17.0.7/java.util.concurrent.ThreadPoolExecutor.runWorker(ThreadPoolExecutor.java:1136)
at java.base@17.0.7/java.util.concurrent.ThreadPoolExecutor$Worker.run(ThreadPoolExecutor.java:635)
at java.base@17.0.7/java.lang.Thread.run(Thread.java:833)
]]>
    </error>
  </testcase> <!-- testcase1 -->
</testsuite> <!-- TestNGPackage.Timeout_Class -->
